This file contains any messages produced by compilers while
running configure, to aid debugging if configure makes a mistake.

It was created by Proyecto01 configure 0.1, which was
generated by GNU Autoconf 2.69.  Invocation command line was

  $ ./configure 

## --------- ##
## Platform. ##
## --------- ##

hostname = vl25h65.fciencias.unam.mx
uname -m = x86_64
uname -r = 16.5.0
uname -s = Darwin
uname -v = Darwin Kernel Version 16.5.0: Fri Mar  3 16:52:33 PST 2017; root:xnu-3789.51.2~3/RELEASE_X86_64

/usr/bin/uname -p = i386
/bin/uname -X     = unknown

/bin/arch              = unknown
/usr/bin/arch -k       = unknown
/usr/convex/getsysinfo = unknown
/usr/bin/hostinfo      = Mach kernel version:
	 Darwin Kernel Version 16.5.0: Fri Mar  3 16:52:33 PST 2017; root:xnu-3789.51.2~3/RELEASE_X86_64
Kernel configured for up to 4 processors.
2 processors are physically available.
4 processors are logically available.
Processor type: x86_64h (Intel x86-64h Haswell)
Processors active: 0 1 2 3
Primary memory available: 8.00 gigabytes
Default processor set: 316 tasks, 1404 threads, 4 processors
Load average: 2.10, Mach factor: 1.88
/bin/machine           = unknown
/usr/bin/oslevel       = unknown
/bin/universe          = unknown

PATH: /usr/local/sbin
PATH: /usr/local/sbin
PATH: /Library/Frameworks/Python.framework/Versions/3.5/bin
PATH: /Library/Frameworks/Python.framework/Versions/3.5/bin
PATH: /usr/local/heroku/bin
PATH: /opt/local/bin
PATH: /opt/local/sbin
PATH: /Users/ricardo_rodab/.rvm/gems/ruby-2.4.0/bin
PATH: /Users/ricardo_rodab/.rvm/gems/ruby-2.4.0@global/bin
PATH: /Users/ricardo_rodab/.rvm/rubies/ruby-2.4.0/bin
PATH: /usr/local/bin
PATH: /usr/local/bin
PATH: /usr/bin
PATH: /bin
PATH: /usr/sbin
PATH: /sbin
PATH: /opt/X11/bin
PATH: /Library/TeX/texbin
PATH: /Users/ricardo_rodab/.rvm/bin
PATH: /Users/ricardo_rodab/.rvm/bin


## ----------- ##
## Core tests. ##
## ----------- ##

configure:1850: checking for a BSD-compatible install
configure:1918: result: /usr/bin/install -c
configure:1929: checking whether build environment is sane
configure:1984: result: yes
configure:2135: checking for a thread-safe mkdir -p
configure:2174: result: ./install-sh -c -d
configure:2181: checking for gawk
configure:2211: result: no
configure:2181: checking for mawk
configure:2211: result: no
configure:2181: checking for nawk
configure:2211: result: no
configure:2181: checking for awk
configure:2197: found /usr/bin/awk
configure:2208: result: awk
configure:2219: checking whether make sets $(MAKE)
configure:2241: result: yes
configure:2270: checking whether make supports nested variables
configure:2287: result: yes
configure:2464: checking for gcc
configure:2480: found /usr/bin/gcc
configure:2491: result: gcc
configure:2720: checking for C compiler version
configure:2729: gcc --version >&5
Apple LLVM version 8.1.0 (clang-802.0.38)
Target: x86_64-apple-darwin16.5.0
Thread model: posix
InstalledDir: /Applications/Xcode.app/Contents/Developer/Toolchains/XcodeDefault.xctoolchain/usr/bin
Configured with: --prefix=/Applications/Xcode.app/Contents/Developer/usr --with-gxx-include-dir=/usr/include/c++/4.2.1
configure:2740: $? = 0
configure:2729: gcc -v >&5
Configured with: --prefix=/Applications/Xcode.app/Contents/Developer/usr --with-gxx-include-dir=/usr/include/c++/4.2.1
Apple LLVM version 8.1.0 (clang-802.0.38)
Target: x86_64-apple-darwin16.5.0
Thread model: posix
InstalledDir: /Applications/Xcode.app/Contents/Developer/Toolchains/XcodeDefault.xctoolchain/usr/bin
configure:2740: $? = 0
configure:2729: gcc -V >&5
clang: error: argument to '-V' is missing (expected 1 value)
clang: error: no input files
configure:2740: $? = 1
configure:2729: gcc -qversion >&5
clang: error: unknown argument: '-qversion'
clang: error: no input files
configure:2740: $? = 1
configure:2760: checking whether the C compiler works
configure:2782: gcc    conftest.c  >&5
configure:2786: $? = 0
configure:2834: result: yes
configure:2837: checking for C compiler default output file name
configure:2839: result: a.out
configure:2845: checking for suffix of executables
configure:2852: gcc -o conftest    conftest.c  >&5
configure:2856: $? = 0
configure:2878: result: 
configure:2900: checking whether we are cross compiling
configure:2908: gcc -o conftest    conftest.c  >&5
configure:2912: $? = 0
configure:2919: ./conftest
configure:2923: $? = 0
configure:2938: result: no
configure:2943: checking for suffix of object files
configure:2965: gcc -c   conftest.c >&5
configure:2969: $? = 0
configure:2990: result: o
configure:2994: checking whether we are using the GNU C compiler
configure:3013: gcc -c   conftest.c >&5
configure:3013: $? = 0
configure:3022: result: yes
configure:3031: checking whether gcc accepts -g
configure:3051: gcc -c -g  conftest.c >&5
configure:3051: $? = 0
configure:3092: result: yes
configure:3109: checking for gcc option to accept ISO C89
configure:3172: gcc  -c -g -O2  conftest.c >&5
configure:3172: $? = 0
configure:3185: result: none needed
configure:3210: checking whether gcc understands -c and -o together
configure:3232: gcc -c conftest.c -o conftest2.o
configure:3235: $? = 0
configure:3232: gcc -c conftest.c -o conftest2.o
configure:3235: $? = 0
configure:3247: result: yes
configure:3275: checking for style of include used by make
configure:3303: result: GNU
configure:3329: checking dependency style of gcc
configure:3440: result: gcc3
configure:3498: checking for ranlib
configure:3514: found /usr/bin/ranlib
configure:3525: result: ranlib
configure:3603: checking for pkg-config
configure:3621: found /usr/local/bin/pkg-config
configure:3633: result: /usr/local/bin/pkg-config
configure:3658: checking pkg-config is at least version 0.9.0
configure:3661: result: yes
configure:3671: checking for glib-2.0
configure:3678: $PKG_CONFIG --exists --print-errors "glib-2.0"
configure:3681: $? = 0
configure:3695: $PKG_CONFIG --exists --print-errors "glib-2.0"
configure:3698: $? = 0
configure:3756: result: yes
configure:3921: checking that generated files are newer than configure
configure:3927: result: done
configure:3950: creating ./config.status

## ---------------------- ##
## Running config.status. ##
## ---------------------- ##

This file was extended by Proyecto01 config.status 0.1, which was
generated by GNU Autoconf 2.69.  Invocation command line was

  CONFIG_FILES    = 
  CONFIG_HEADERS  = 
  CONFIG_LINKS    = 
  CONFIG_COMMANDS = 
  $ ./config.status 

on vl25h65.fciencias.unam.mx

config.status:779: creating Makefile
config.status:951: executing depfiles commands

## ---------------- ##
## Cache variables. ##
## ---------------- ##

ac_cv_c_compiler_gnu=yes
ac_cv_env_CC_set=
ac_cv_env_CC_value=
ac_cv_env_CFLAGS_set=
ac_cv_env_CFLAGS_value=
ac_cv_env_CPPFLAGS_set=
ac_cv_env_CPPFLAGS_value=
ac_cv_env_GLIB_CFLAGS_set=
ac_cv_env_GLIB_CFLAGS_value=
ac_cv_env_GLIB_LIBS_set=
ac_cv_env_GLIB_LIBS_value=
ac_cv_env_LDFLAGS_set=
ac_cv_env_LDFLAGS_value=
ac_cv_env_LIBS_set=
ac_cv_env_LIBS_value=
ac_cv_env_PKG_CONFIG_LIBDIR_set=
ac_cv_env_PKG_CONFIG_LIBDIR_value=
ac_cv_env_PKG_CONFIG_PATH_set=
ac_cv_env_PKG_CONFIG_PATH_value=
ac_cv_env_PKG_CONFIG_set=
ac_cv_env_PKG_CONFIG_value=
ac_cv_env_build_alias_set=
ac_cv_env_build_alias_value=
ac_cv_env_host_alias_set=
ac_cv_env_host_alias_value=
ac_cv_env_target_alias_set=
ac_cv_env_target_alias_value=
ac_cv_objext=o
ac_cv_path_ac_pt_PKG_CONFIG=/usr/local/bin/pkg-config
ac_cv_path_install='/usr/bin/install -c'
ac_cv_prog_AWK=awk
ac_cv_prog_ac_ct_CC=gcc
ac_cv_prog_ac_ct_RANLIB=ranlib
ac_cv_prog_cc_c89=
ac_cv_prog_cc_g=yes
ac_cv_prog_make_make_set=yes
am_cv_CC_dependencies_compiler_type=gcc3
am_cv_make_support_nested_variables=yes
am_cv_prog_cc_c_o=yes
pkg_cv_GLIB_CFLAGS='-I/usr/local/Cellar/glib/2.52.0/include/glib-2.0 -I/usr/local/Cellar/glib/2.52.0/lib/glib-2.0/include -I/usr/local/opt/gettext/include -I/usr/local/Cellar/pcre/8.40/include'
pkg_cv_GLIB_LIBS='-L/usr/local/Cellar/glib/2.52.0/lib -L/usr/local/opt/gettext/lib -lglib-2.0 -lintl'

## ----------------- ##
## Output variables. ##
## ----------------- ##

ACLOCAL='${SHELL} /Users/ricardo_rodab/20172_CC/SeminarioB/Proyecto01/missing aclocal-1.15'
AMDEPBACKSLASH='\'
AMDEP_FALSE='#'
AMDEP_TRUE=''
AMTAR='$${TAR-tar}'
AM_BACKSLASH='\'
AM_DEFAULT_V='$(AM_DEFAULT_VERBOSITY)'
AM_DEFAULT_VERBOSITY='1'
AM_V='$(V)'
AUTOCONF='${SHELL} /Users/ricardo_rodab/20172_CC/SeminarioB/Proyecto01/missing autoconf'
AUTOHEADER='${SHELL} /Users/ricardo_rodab/20172_CC/SeminarioB/Proyecto01/missing autoheader'
AUTOMAKE='${SHELL} /Users/ricardo_rodab/20172_CC/SeminarioB/Proyecto01/missing automake-1.15'
AWK='awk'
CC='gcc'
CCDEPMODE='depmode=gcc3'
CFLAGS='-g -O2'
CPPFLAGS=''
CYGPATH_W='echo'
DEFS='-DPACKAGE_NAME=\"Proyecto01\" -DPACKAGE_TARNAME=\"proyecto01\" -DPACKAGE_VERSION=\"0.1\" -DPACKAGE_STRING=\"Proyecto01\ 0.1\" -DPACKAGE_BUGREPORT=\"ricardo_rodab@ciencias.unam.mx\" -DPACKAGE_URL=\"\" -DPACKAGE=\"proyecto01\" -DVERSION=\"0.1\"'
DEPDIR='.deps'
ECHO_C='\c'
ECHO_N=''
ECHO_T=''
EXEEXT=''
GLIB_CFLAGS='-I/usr/local/Cellar/glib/2.52.0/include/glib-2.0 -I/usr/local/Cellar/glib/2.52.0/lib/glib-2.0/include -I/usr/local/opt/gettext/include -I/usr/local/Cellar/pcre/8.40/include'
GLIB_LIBS='-L/usr/local/Cellar/glib/2.52.0/lib -L/usr/local/opt/gettext/lib -lglib-2.0 -lintl'
INSTALL_DATA='${INSTALL} -m 644'
INSTALL_PROGRAM='${INSTALL}'
INSTALL_SCRIPT='${INSTALL}'
INSTALL_STRIP_PROGRAM='$(install_sh) -c -s'
LDFLAGS=''
LIBOBJS=''
LIBS=''
LTLIBOBJS=''
MAKEINFO='${SHELL} /Users/ricardo_rodab/20172_CC/SeminarioB/Proyecto01/missing makeinfo'
MKDIR_P='./install-sh -c -d'
OBJEXT='o'
PACKAGE='proyecto01'
PACKAGE_BUGREPORT='ricardo_rodab@ciencias.unam.mx'
PACKAGE_NAME='Proyecto01'
PACKAGE_STRING='Proyecto01 0.1'
PACKAGE_TARNAME='proyecto01'
PACKAGE_URL=''
PACKAGE_VERSION='0.1'
PATH_SEPARATOR=':'
PKG_CONFIG='/usr/local/bin/pkg-config'
PKG_CONFIG_LIBDIR=''
PKG_CONFIG_PATH=''
RANLIB='ranlib'
SET_MAKE=''
SHELL='/bin/sh'
STRIP=''
VERSION='0.1'
ac_ct_CC='gcc'
am__EXEEXT_FALSE=''
am__EXEEXT_TRUE='#'
am__fastdepCC_FALSE='#'
am__fastdepCC_TRUE=''
am__include='include'
am__isrc=''
am__leading_dot='.'
am__nodep='_no'
am__quote=''
am__tar='$${TAR-tar} chof - "$$tardir"'
am__untar='$${TAR-tar} xf -'
bindir='${exec_prefix}/bin'
build_alias=''
datadir='${datarootdir}'
datarootdir='${prefix}/share'
docdir='${datarootdir}/doc/${PACKAGE_TARNAME}'
dvidir='${docdir}'
exec_prefix='${prefix}'
host_alias=''
htmldir='${docdir}'
includedir='${prefix}/include'
infodir='${datarootdir}/info'
install_sh='${SHELL} /Users/ricardo_rodab/20172_CC/SeminarioB/Proyecto01/install-sh'
libdir='${exec_prefix}/lib'
libexecdir='${exec_prefix}/libexec'
localedir='${datarootdir}/locale'
localstatedir='${prefix}/var'
mandir='${datarootdir}/man'
mkdir_p='$(MKDIR_P)'
oldincludedir='/usr/include'
pdfdir='${docdir}'
prefix='/usr/local'
program_transform_name='s,x,x,'
psdir='${docdir}'
sbindir='${exec_prefix}/sbin'
sharedstatedir='${prefix}/com'
sysconfdir='${prefix}/etc'
target_alias=''

## ----------- ##
## confdefs.h. ##
## ----------- ##

/* confdefs.h */
#define PACKAGE_NAME "Proyecto01"
#define PACKAGE_TARNAME "proyecto01"
#define PACKAGE_VERSION "0.1"
#define PACKAGE_STRING "Proyecto01 0.1"
#define PACKAGE_BUGREPORT "ricardo_rodab@ciencias.unam.mx"
#define PACKAGE_URL ""
#define PACKAGE "proyecto01"
#define VERSION "0.1"

configure: exit 0

## ---------------------- ##
## Running config.status. ##
## ---------------------- ##

This file was extended by Proyecto01 config.status 0.1, which was
generated by GNU Autoconf 2.69.  Invocation command line was

  CONFIG_FILES    = 
  CONFIG_HEADERS  = 
  CONFIG_LINKS    = 
  CONFIG_COMMANDS = 
  $ ./config.status Makefile depfiles

on vl23h102.fciencias.unam.mx

config.status:779: creating Makefile
config.status:951: executing depfiles commands
